<?xml version="1.0" encoding="UTF-8"?>
<!-- Generated by org.testng.reporters.JUnitReportReporter -->
<testsuite skipped="0" hostname="huluxia-PC" name="com.uiauto.testscripts.LoginTest" tests="1" failures="0" timestamp="15 四月 2018 12:11:08 GMT" time="8.773" errors="0">
  <testcase name="loginTest" time="8.773" classname="com.uiauto.testscripts.LoginTest"/>
</testsuite> <!-- com.uiauto.testscripts.LoginTest -->
